running egg_info
creating build/ackermann_pipe/ackermann_pipe.egg-info
writing build/ackermann_pipe/ackermann_pipe.egg-info/PKG-INFO
writing dependency_links to build/ackermann_pipe/ackermann_pipe.egg-info/dependency_links.txt
writing entry points to build/ackermann_pipe/ackermann_pipe.egg-info/entry_points.txt
writing requirements to build/ackermann_pipe/ackermann_pipe.egg-info/requires.txt
writing top-level names to build/ackermann_pipe/ackermann_pipe.egg-info/top_level.txt
writing manifest file 'build/ackermann_pipe/ackermann_pipe.egg-info/SOURCES.txt'
reading manifest file 'build/ackermann_pipe/ackermann_pipe.egg-info/SOURCES.txt'
writing manifest file 'build/ackermann_pipe/ackermann_pipe.egg-info/SOURCES.txt'
running build
running build_py
creating /home/pipescorder/ackermann_pipe/build/ackermann_pipe/build
creating /home/pipescorder/ackermann_pipe/build/ackermann_pipe/build/lib
creating /home/pipescorder/ackermann_pipe/build/ackermann_pipe/build/lib/ackermann_pipe
copying ackermann_pipe/__init__.py -> /home/pipescorder/ackermann_pipe/build/ackermann_pipe/build/lib/ackermann_pipe
running install
running install_lib
creating /home/pipescorder/ackermann_pipe/install/ackermann_pipe/lib/python3.10/site-packages/ackermann_pipe
copying /home/pipescorder/ackermann_pipe/build/ackermann_pipe/build/lib/ackermann_pipe/__init__.py -> /home/pipescorder/ackermann_pipe/install/ackermann_pipe/lib/python3.10/site-packages/ackermann_pipe
byte-compiling /home/pipescorder/ackermann_pipe/install/ackermann_pipe/lib/python3.10/site-packages/ackermann_pipe/__init__.py to __init__.cpython-310.pyc
running install_data
creating /home/pipescorder/ackermann_pipe/install/ackermann_pipe/share/ament_index
creating /home/pipescorder/ackermann_pipe/install/ackermann_pipe/share/ament_index/resource_index
creating /home/pipescorder/ackermann_pipe/install/ackermann_pipe/share/ament_index/resource_index/packages
copying resource/ackermann_pipe -> /home/pipescorder/ackermann_pipe/install/ackermann_pipe/share/ament_index/resource_index/packages
copying package.xml -> /home/pipescorder/ackermann_pipe/install/ackermann_pipe/share/ackermann_pipe
running install_egg_info
Copying build/ackermann_pipe/ackermann_pipe.egg-info to /home/pipescorder/ackermann_pipe/install/ackermann_pipe/lib/python3.10/site-packages/ackermann_pipe-0.0.0-py3.10.egg-info
running install_scripts
writing list of installed files to '/home/pipescorder/ackermann_pipe/build/ackermann_pipe/install.log'
