[0.590s] Invoking command in '/home/pipescorder/ackermann_pipe': PYTHONPATH=/home/pipescorder/ackermann_pipe/build/ackermann_pipe/prefix_override:/usr/lib/python3/dist-packages/colcon_core/task/python/colcon_distutils_commands:/home/pipescorder/ackermann_pipe/install/ackermann_pipe/lib/python3.10/site-packages:${PYTHONPATH} /usr/bin/python3 -W ignore:setup.py install is deprecated -W ignore:easy_install command is deprecated setup.py egg_info --egg-base build/ackermann_pipe build --build-base /home/pipescorder/ackermann_pipe/build/ackermann_pipe/build install --record /home/pipescorder/ackermann_pipe/build/ackermann_pipe/install.log --single-version-externally-managed install_data
[0.828s] running egg_info
[0.829s] creating build/ackermann_pipe/ackermann_pipe.egg-info
[0.829s] writing build/ackermann_pipe/ackermann_pipe.egg-info/PKG-INFO
[0.829s] writing dependency_links to build/ackermann_pipe/ackermann_pipe.egg-info/dependency_links.txt
[0.829s] writing entry points to build/ackermann_pipe/ackermann_pipe.egg-info/entry_points.txt
[0.829s] writing requirements to build/ackermann_pipe/ackermann_pipe.egg-info/requires.txt
[0.829s] writing top-level names to build/ackermann_pipe/ackermann_pipe.egg-info/top_level.txt
[0.830s] writing manifest file 'build/ackermann_pipe/ackermann_pipe.egg-info/SOURCES.txt'
[0.832s] reading manifest file 'build/ackermann_pipe/ackermann_pipe.egg-info/SOURCES.txt'
[0.833s] writing manifest file 'build/ackermann_pipe/ackermann_pipe.egg-info/SOURCES.txt'
[0.833s] running build
[0.833s] running build_py
[0.833s] creating /home/pipescorder/ackermann_pipe/build/ackermann_pipe/build
[0.833s] creating /home/pipescorder/ackermann_pipe/build/ackermann_pipe/build/lib
[0.833s] creating /home/pipescorder/ackermann_pipe/build/ackermann_pipe/build/lib/ackermann_pipe
[0.833s] copying ackermann_pipe/__init__.py -> /home/pipescorder/ackermann_pipe/build/ackermann_pipe/build/lib/ackermann_pipe
[0.833s] running install
[0.834s] running install_lib
[0.836s] creating /home/pipescorder/ackermann_pipe/install/ackermann_pipe/lib/python3.10/site-packages/ackermann_pipe
[0.836s] copying /home/pipescorder/ackermann_pipe/build/ackermann_pipe/build/lib/ackermann_pipe/__init__.py -> /home/pipescorder/ackermann_pipe/install/ackermann_pipe/lib/python3.10/site-packages/ackermann_pipe
[0.836s] byte-compiling /home/pipescorder/ackermann_pipe/install/ackermann_pipe/lib/python3.10/site-packages/ackermann_pipe/__init__.py to __init__.cpython-310.pyc
[0.837s] running install_data
[0.837s] creating /home/pipescorder/ackermann_pipe/install/ackermann_pipe/share/ament_index
[0.837s] creating /home/pipescorder/ackermann_pipe/install/ackermann_pipe/share/ament_index/resource_index
[0.837s] creating /home/pipescorder/ackermann_pipe/install/ackermann_pipe/share/ament_index/resource_index/packages
[0.837s] copying resource/ackermann_pipe -> /home/pipescorder/ackermann_pipe/install/ackermann_pipe/share/ament_index/resource_index/packages
[0.837s] copying package.xml -> /home/pipescorder/ackermann_pipe/install/ackermann_pipe/share/ackermann_pipe
[0.838s] running install_egg_info
[0.840s] Copying build/ackermann_pipe/ackermann_pipe.egg-info to /home/pipescorder/ackermann_pipe/install/ackermann_pipe/lib/python3.10/site-packages/ackermann_pipe-0.0.0-py3.10.egg-info
[0.841s] running install_scripts
[0.861s] writing list of installed files to '/home/pipescorder/ackermann_pipe/build/ackermann_pipe/install.log'
[0.885s] Invoked command in '/home/pipescorder/ackermann_pipe' returned '0': PYTHONPATH=/home/pipescorder/ackermann_pipe/build/ackermann_pipe/prefix_override:/usr/lib/python3/dist-packages/colcon_core/task/python/colcon_distutils_commands:/home/pipescorder/ackermann_pipe/install/ackermann_pipe/lib/python3.10/site-packages:${PYTHONPATH} /usr/bin/python3 -W ignore:setup.py install is deprecated -W ignore:easy_install command is deprecated setup.py egg_info --egg-base build/ackermann_pipe build --build-base /home/pipescorder/ackermann_pipe/build/ackermann_pipe/build install --record /home/pipescorder/ackermann_pipe/build/ackermann_pipe/install.log --single-version-externally-managed install_data
