running egg_info
writing build/ackermann_pipe/ackermann_pipe.egg-info/PKG-INFO
writing dependency_links to build/ackermann_pipe/ackermann_pipe.egg-info/dependency_links.txt
writing entry points to build/ackermann_pipe/ackermann_pipe.egg-info/entry_points.txt
writing requirements to build/ackermann_pipe/ackermann_pipe.egg-info/requires.txt
writing top-level names to build/ackermann_pipe/ackermann_pipe.egg-info/top_level.txt
reading manifest file 'build/ackermann_pipe/ackermann_pipe.egg-info/SOURCES.txt'
writing manifest file 'build/ackermann_pipe/ackermann_pipe.egg-info/SOURCES.txt'
running build
running build_py
running install
running install_lib
running install_data
copying package.xml -> /home/pipescorder/ackermann_pipe/install/ackermann_pipe/share/ackermann_pipe
creating /home/pipescorder/ackermann_pipe/install/ackermann_pipe/share/ackermann_pipe/urdf
copying urdf/lidar.xacro -> /home/pipescorder/ackermann_pipe/install/ackermann_pipe/share/ackermann_pipe/urdf
copying urdf/ackermann.xacro -> /home/pipescorder/ackermann_pipe/install/ackermann_pipe/share/ackermann_pipe/urdf
copying urdf/robot.xacro -> /home/pipescorder/ackermann_pipe/install/ackermann_pipe/share/ackermann_pipe/urdf
copying urdf/gazebo.xacro -> /home/pipescorder/ackermann_pipe/install/ackermann_pipe/share/ackermann_pipe/urdf
copying urdf/params.xacro -> /home/pipescorder/ackermann_pipe/install/ackermann_pipe/share/ackermann_pipe/urdf
copying urdf/ackermann_sensor_xacro.urdf -> /home/pipescorder/ackermann_pipe/install/ackermann_pipe/share/ackermann_pipe/urdf
copying urdf/ackermann_model.urdf -> /home/pipescorder/ackermann_pipe/install/ackermann_pipe/share/ackermann_pipe/urdf
copying urdf/ackermann_sensor.urdf -> /home/pipescorder/ackermann_pipe/install/ackermann_pipe/share/ackermann_pipe/urdf
creating /home/pipescorder/ackermann_pipe/install/ackermann_pipe/share/ackermann_pipe/rviz
copying rviz/config_lidar.rviz -> /home/pipescorder/ackermann_pipe/install/ackermann_pipe/share/ackermann_pipe/rviz
copying rviz/config.rviz -> /home/pipescorder/ackermann_pipe/install/ackermann_pipe/share/ackermann_pipe/rviz
creating /home/pipescorder/ackermann_pipe/install/ackermann_pipe/share/ackermann_pipe/imgs
running install_egg_info
Copying build/ackermann_pipe/ackermann_pipe.egg-info to /home/pipescorder/ackermann_pipe/install/ackermann_pipe/lib/python3.10/site-packages/ackermann_pipe-0.1.0-py3.10.egg-info
running install_scripts
writing list of installed files to '/home/pipescorder/ackermann_pipe/build/ackermann_pipe/install.log'
