[0.641s] Invoking command in '/home/pipescorder/ackermann_pipe': PYTHONPATH=/home/pipescorder/ackermann_pipe/build/ackermann_pipe/prefix_override:/usr/lib/python3/dist-packages/colcon_core/task/python/colcon_distutils_commands:/home/pipescorder/ackermann_pipe/install/ackermann_pipe/lib/python3.10/site-packages:${PYTHONPATH} /usr/bin/python3 -W ignore:setup.py install is deprecated -W ignore:easy_install command is deprecated setup.py egg_info --egg-base build/ackermann_pipe build --build-base /home/pipescorder/ackermann_pipe/build/ackermann_pipe/build install --record /home/pipescorder/ackermann_pipe/build/ackermann_pipe/install.log --single-version-externally-managed install_data
[0.917s] running egg_info
[0.918s] writing build/ackermann_pipe/ackermann_pipe.egg-info/PKG-INFO
[0.919s] writing dependency_links to build/ackermann_pipe/ackermann_pipe.egg-info/dependency_links.txt
[0.919s] writing entry points to build/ackermann_pipe/ackermann_pipe.egg-info/entry_points.txt
[0.919s] writing requirements to build/ackermann_pipe/ackermann_pipe.egg-info/requires.txt
[0.919s] writing top-level names to build/ackermann_pipe/ackermann_pipe.egg-info/top_level.txt
[0.922s] reading manifest file 'build/ackermann_pipe/ackermann_pipe.egg-info/SOURCES.txt'
[0.923s] writing manifest file 'build/ackermann_pipe/ackermann_pipe.egg-info/SOURCES.txt'
[0.923s] running build
[0.924s] running build_py
[0.924s] running install
[0.924s] running install_lib
[0.928s] running install_data
[0.928s] copying package.xml -> /home/pipescorder/ackermann_pipe/install/ackermann_pipe/share/ackermann_pipe
[0.928s] creating /home/pipescorder/ackermann_pipe/install/ackermann_pipe/share/ackermann_pipe/urdf
[0.929s] copying urdf/lidar.xacro -> /home/pipescorder/ackermann_pipe/install/ackermann_pipe/share/ackermann_pipe/urdf
[0.929s] copying urdf/ackermann.xacro -> /home/pipescorder/ackermann_pipe/install/ackermann_pipe/share/ackermann_pipe/urdf
[0.929s] copying urdf/robot.xacro -> /home/pipescorder/ackermann_pipe/install/ackermann_pipe/share/ackermann_pipe/urdf
[0.929s] copying urdf/gazebo.xacro -> /home/pipescorder/ackermann_pipe/install/ackermann_pipe/share/ackermann_pipe/urdf
[0.929s] copying urdf/params.xacro -> /home/pipescorder/ackermann_pipe/install/ackermann_pipe/share/ackermann_pipe/urdf
[0.929s] copying urdf/ackermann_sensor_xacro.urdf -> /home/pipescorder/ackermann_pipe/install/ackermann_pipe/share/ackermann_pipe/urdf
[0.930s] copying urdf/ackermann_model.urdf -> /home/pipescorder/ackermann_pipe/install/ackermann_pipe/share/ackermann_pipe/urdf
[0.930s] copying urdf/ackermann_sensor.urdf -> /home/pipescorder/ackermann_pipe/install/ackermann_pipe/share/ackermann_pipe/urdf
[0.930s] creating /home/pipescorder/ackermann_pipe/install/ackermann_pipe/share/ackermann_pipe/rviz
[0.930s] copying rviz/config_lidar.rviz -> /home/pipescorder/ackermann_pipe/install/ackermann_pipe/share/ackermann_pipe/rviz
[0.930s] copying rviz/config.rviz -> /home/pipescorder/ackermann_pipe/install/ackermann_pipe/share/ackermann_pipe/rviz
[0.930s] creating /home/pipescorder/ackermann_pipe/install/ackermann_pipe/share/ackermann_pipe/imgs
[0.930s] running install_egg_info
[0.932s] Copying build/ackermann_pipe/ackermann_pipe.egg-info to /home/pipescorder/ackermann_pipe/install/ackermann_pipe/lib/python3.10/site-packages/ackermann_pipe-0.1.0-py3.10.egg-info
[0.932s] running install_scripts
[0.953s] writing list of installed files to '/home/pipescorder/ackermann_pipe/build/ackermann_pipe/install.log'
[0.978s] Invoked command in '/home/pipescorder/ackermann_pipe' returned '0': PYTHONPATH=/home/pipescorder/ackermann_pipe/build/ackermann_pipe/prefix_override:/usr/lib/python3/dist-packages/colcon_core/task/python/colcon_distutils_commands:/home/pipescorder/ackermann_pipe/install/ackermann_pipe/lib/python3.10/site-packages:${PYTHONPATH} /usr/bin/python3 -W ignore:setup.py install is deprecated -W ignore:easy_install command is deprecated setup.py egg_info --egg-base build/ackermann_pipe build --build-base /home/pipescorder/ackermann_pipe/build/ackermann_pipe/build install --record /home/pipescorder/ackermann_pipe/build/ackermann_pipe/install.log --single-version-externally-managed install_data
