/home/pipescorder/ackermann_pipe/install/ackermann_pipe/lib/python3.10/site-packages/ackermann_pipe/__init__.py
/home/pipescorder/ackermann_pipe/install/ackermann_pipe/lib/python3.10/site-packages/ackermann_pipe/__pycache__/__init__.cpython-310.pyc
/home/pipescorder/ackermann_pipe/install/ackermann_pipe/share/ament_index/resource_index/packages/ackermann_pipe
/home/pipescorder/ackermann_pipe/install/ackermann_pipe/share/ackermann_pipe/package.xml
/home/pipescorder/ackermann_pipe/install/ackermann_pipe/share/ackermann_pipe/launch/visualization.launch.py
/home/pipescorder/ackermann_pipe/install/ackermann_pipe/share/ackermann_pipe/launch/gazebo.launch.py
/home/pipescorder/ackermann_pipe/install/ackermann_pipe/share/ackermann_pipe/urdf/lidar.xacro
/home/pipescorder/ackermann_pipe/install/ackermann_pipe/share/ackermann_pipe/urdf/ackermann.xacro
/home/pipescorder/ackermann_pipe/install/ackermann_pipe/share/ackermann_pipe/urdf/robot.xacro
/home/pipescorder/ackermann_pipe/install/ackermann_pipe/share/ackermann_pipe/urdf/gazebo.xacro
/home/pipescorder/ackermann_pipe/install/ackermann_pipe/share/ackermann_pipe/urdf/params.xacro
/home/pipescorder/ackermann_pipe/install/ackermann_pipe/share/ackermann_pipe/urdf/ackermann_sensor_xacro.urdf
/home/pipescorder/ackermann_pipe/install/ackermann_pipe/share/ackermann_pipe/urdf/ackermann_model.urdf
/home/pipescorder/ackermann_pipe/install/ackermann_pipe/share/ackermann_pipe/urdf/ackermann_sensor.urdf
/home/pipescorder/ackermann_pipe/install/ackermann_pipe/share/ackermann_pipe/rviz/config_lidar.rviz
/home/pipescorder/ackermann_pipe/install/ackermann_pipe/share/ackermann_pipe/rviz/config.rviz
/home/pipescorder/ackermann_pipe/install/ackermann_pipe/share/ackermann_pipe/imgs
/home/pipescorder/ackermann_pipe/install/ackermann_pipe/lib/python3.10/site-packages/ackermann_pipe-0.1.0-py3.10.egg-info/top_level.txt
/home/pipescorder/ackermann_pipe/install/ackermann_pipe/lib/python3.10/site-packages/ackermann_pipe-0.1.0-py3.10.egg-info/SOURCES.txt
/home/pipescorder/ackermann_pipe/install/ackermann_pipe/lib/python3.10/site-packages/ackermann_pipe-0.1.0-py3.10.egg-info/dependency_links.txt
/home/pipescorder/ackermann_pipe/install/ackermann_pipe/lib/python3.10/site-packages/ackermann_pipe-0.1.0-py3.10.egg-info/zip-safe
/home/pipescorder/ackermann_pipe/install/ackermann_pipe/lib/python3.10/site-packages/ackermann_pipe-0.1.0-py3.10.egg-info/PKG-INFO
/home/pipescorder/ackermann_pipe/install/ackermann_pipe/lib/python3.10/site-packages/ackermann_pipe-0.1.0-py3.10.egg-info/requires.txt
/home/pipescorder/ackermann_pipe/install/ackermann_pipe/lib/python3.10/site-packages/ackermann_pipe-0.1.0-py3.10.egg-info/entry_points.txt
