[0.316s] DEBUG:colcon:Command line arguments: ['/usr/bin/colcon', 'build']
[0.316s] DEBUG:colcon:Parsed command line arguments: Namespace(log_base=None, log_level=None, verb_name='build', build_base='build', install_base='install', merge_install=False, symlink_install=False, test_result_base=None, continue_on_error=False, executor='parallel', parallel_workers=4, event_handlers=None, ignore_user_meta=False, metas=['./colcon.meta'], base_paths=['.'], packages_ignore=None, packages_ignore_regex=None, paths=None, packages_up_to=None, packages_up_to_regex=None, packages_above=None, packages_above_and_dependencies=None, packages_above_depth=None, packages_select_by_dep=None, packages_skip_by_dep=None, packages_skip_up_to=None, packages_select_build_failed=False, packages_skip_build_finished=False, packages_select_test_failures=False, packages_skip_test_passed=False, packages_select=None, packages_skip=None, packages_select_regex=None, packages_skip_regex=None, packages_start=None, packages_end=None, allow_overriding=[], cmake_args=None, cmake_target=None, cmake_target_skip_unavailable=False, cmake_clean_cache=False, cmake_clean_first=False, cmake_force_configure=False, ament_cmake_args=None, catkin_cmake_args=None, catkin_skip_building_tests=False, mixin_files=None, mixin=None, verb_parser=<colcon_mixin.mixin.mixin_argument.MixinArgumentDecorator object at 0x75c2899552a0>, verb_extension=<colcon_core.verb.build.BuildVerb object at 0x75c289954d30>, main=<bound method BuildVerb.main of <colcon_core.verb.build.BuildVerb object at 0x75c289954d30>>, mixin_verb=('build',))
[0.813s] Level 1:colcon.colcon_core.package_discovery:discover_packages(colcon_meta) check parameters
[0.813s] Level 1:colcon.colcon_core.package_discovery:discover_packages(recursive) check parameters
[0.813s] Level 1:colcon.colcon_core.package_discovery:discover_packages(ignore) check parameters
[0.813s] Level 1:colcon.colcon_core.package_discovery:discover_packages(path) check parameters
[0.813s] Level 1:colcon.colcon_core.package_discovery:discover_packages(colcon_meta) discover
[0.813s] Level 1:colcon.colcon_core.package_discovery:discover_packages(recursive) discover
[0.813s] INFO:colcon.colcon_core.package_discovery:Crawling recursively for packages in '/home/pipescorder/ackermann_pipe'
[0.813s] Level 1:colcon.colcon_core.package_identification:_identify(.) by extensions ['ignore', 'ignore_ament_install']
[0.813s] Level 1:colcon.colcon_core.package_identification:_identify(.) by extension 'ignore'
[0.813s] Level 1:colcon.colcon_core.package_identification:_identify(.) by extension 'ignore_ament_install'
[0.813s] Level 1:colcon.colcon_core.package_identification:_identify(.) by extensions ['colcon_pkg']
[0.813s] Level 1:colcon.colcon_core.package_identification:_identify(.) by extension 'colcon_pkg'
[0.813s] Level 1:colcon.colcon_core.package_identification:_identify(.) by extensions ['colcon_meta']
[0.813s] Level 1:colcon.colcon_core.package_identification:_identify(.) by extension 'colcon_meta'
[0.813s] Level 1:colcon.colcon_core.package_identification:_identify(.) by extensions ['ros']
[0.813s] Level 1:colcon.colcon_core.package_identification:_identify(.) by extension 'ros'
[0.832s] DEBUG:colcon.colcon_core.package_identification:Package '.' with type 'ros.ament_python' and name 'ackermann_pipe'
[0.832s] Level 1:colcon.colcon_core.package_discovery:discover_packages(recursive) using defaults
[0.832s] Level 1:colcon.colcon_core.package_discovery:discover_packages(ignore) discover
[0.832s] Level 1:colcon.colcon_core.package_discovery:discover_packages(ignore) using defaults
[0.832s] Level 1:colcon.colcon_core.package_discovery:discover_packages(path) discover
[0.833s] Level 1:colcon.colcon_core.package_discovery:discover_packages(path) using defaults
[0.880s] Level 1:colcon.colcon_core.package_discovery:discover_packages(prefix_path) check parameters
[0.880s] Level 1:colcon.colcon_core.package_discovery:discover_packages(prefix_path) discover
[0.885s] DEBUG:colcon.colcon_installed_package_information.package_discovery:Found 293 installed packages in /opt/ros/iron
[0.886s] Level 1:colcon.colcon_core.package_discovery:discover_packages(prefix_path) using defaults
[0.931s] Level 5:colcon.colcon_core.verb:set package 'ackermann_pipe' build argument 'cmake_args' from command line to 'None'
[0.931s] Level 5:colcon.colcon_core.verb:set package 'ackermann_pipe' build argument 'cmake_target' from command line to 'None'
[0.931s] Level 5:colcon.colcon_core.verb:set package 'ackermann_pipe' build argument 'cmake_target_skip_unavailable' from command line to 'False'
[0.931s] Level 5:colcon.colcon_core.verb:set package 'ackermann_pipe' build argument 'cmake_clean_cache' from command line to 'False'
[0.931s] Level 5:colcon.colcon_core.verb:set package 'ackermann_pipe' build argument 'cmake_clean_first' from command line to 'False'
[0.931s] Level 5:colcon.colcon_core.verb:set package 'ackermann_pipe' build argument 'cmake_force_configure' from command line to 'False'
[0.931s] Level 5:colcon.colcon_core.verb:set package 'ackermann_pipe' build argument 'ament_cmake_args' from command line to 'None'
[0.931s] Level 5:colcon.colcon_core.verb:set package 'ackermann_pipe' build argument 'catkin_cmake_args' from command line to 'None'
[0.931s] Level 5:colcon.colcon_core.verb:set package 'ackermann_pipe' build argument 'catkin_skip_building_tests' from command line to 'False'
[0.932s] DEBUG:colcon.colcon_core.verb:Building package 'ackermann_pipe' with the following arguments: {'ament_cmake_args': None, 'build_base': '/home/pipescorder/ackermann_pipe/build/ackermann_pipe', 'catkin_cmake_args': None, 'catkin_skip_building_tests': False, 'cmake_args': None, 'cmake_clean_cache': False, 'cmake_clean_first': False, 'cmake_force_configure': False, 'cmake_target': None, 'cmake_target_skip_unavailable': False, 'install_base': '/home/pipescorder/ackermann_pipe/install/ackermann_pipe', 'merge_install': False, 'path': '/home/pipescorder/ackermann_pipe', 'symlink_install': False, 'test_result_base': None}
[0.932s] INFO:colcon.colcon_core.executor:Executing jobs using 'parallel' executor
[0.932s] DEBUG:colcon.colcon_parallel_executor.executor.parallel:run_until_complete
[0.933s] INFO:colcon.colcon_ros.task.ament_python.build:Building ROS package in '/home/pipescorder/ackermann_pipe' with build type 'ament_python'
[0.933s] Level 1:colcon.colcon_core.shell:create_environment_hook('ackermann_pipe', 'ament_prefix_path')
[0.941s] INFO:colcon.colcon_core.plugin_system:Skipping extension 'colcon_core.shell.bat': Not used on non-Windows systems
[0.941s] INFO:colcon.colcon_core.shell:Creating environment hook '/home/pipescorder/ackermann_pipe/install/ackermann_pipe/share/ackermann_pipe/hook/ament_prefix_path.ps1'
[0.944s] INFO:colcon.colcon_core.shell:Creating environment descriptor '/home/pipescorder/ackermann_pipe/install/ackermann_pipe/share/ackermann_pipe/hook/ament_prefix_path.dsv'
[0.945s] INFO:colcon.colcon_core.shell:Creating environment hook '/home/pipescorder/ackermann_pipe/install/ackermann_pipe/share/ackermann_pipe/hook/ament_prefix_path.sh'
[0.947s] INFO:colcon.colcon_core.shell:Skip shell extension 'powershell' for command environment: Not usable outside of PowerShell
[0.947s] DEBUG:colcon.colcon_core.shell:Skip shell extension 'dsv' for command environment
[1.227s] INFO:colcon.colcon_core.task.python.build:Building Python package in '/home/pipescorder/ackermann_pipe'
[1.228s] INFO:colcon.colcon_core.shell:Skip shell extension 'powershell' for command environment: Not usable outside of PowerShell
[1.228s] DEBUG:colcon.colcon_core.shell:Skip shell extension 'dsv' for command environment
[1.691s] DEBUG:colcon.colcon_core.event_handler.log_command:Invoking command in '/home/pipescorder/ackermann_pipe': PYTHONPATH=/home/pipescorder/ackermann_pipe/build/ackermann_pipe/prefix_override:/usr/lib/python3/dist-packages/colcon_core/task/python/colcon_distutils_commands:/home/pipescorder/ackermann_pipe/install/ackermann_pipe/lib/python3.10/site-packages:${PYTHONPATH} /usr/bin/python3 -W ignore:setup.py install is deprecated -W ignore:easy_install command is deprecated setup.py egg_info --egg-base build/ackermann_pipe build --build-base /home/pipescorder/ackermann_pipe/build/ackermann_pipe/build install --record /home/pipescorder/ackermann_pipe/build/ackermann_pipe/install.log --single-version-externally-managed install_data
[1.999s] DEBUG:colcon.colcon_core.event_handler.log_command:Invoked command in '/home/pipescorder/ackermann_pipe' returned '0': PYTHONPATH=/home/pipescorder/ackermann_pipe/build/ackermann_pipe/prefix_override:/usr/lib/python3/dist-packages/colcon_core/task/python/colcon_distutils_commands:/home/pipescorder/ackermann_pipe/install/ackermann_pipe/lib/python3.10/site-packages:${PYTHONPATH} /usr/bin/python3 -W ignore:setup.py install is deprecated -W ignore:easy_install command is deprecated setup.py egg_info --egg-base build/ackermann_pipe build --build-base /home/pipescorder/ackermann_pipe/build/ackermann_pipe/build install --record /home/pipescorder/ackermann_pipe/build/ackermann_pipe/install.log --single-version-externally-managed install_data
[2.010s] Level 1:colcon.colcon_core.environment:checking '/home/pipescorder/ackermann_pipe/install/ackermann_pipe' for CMake module files
[2.011s] Level 1:colcon.colcon_core.environment:checking '/home/pipescorder/ackermann_pipe/install/ackermann_pipe' for CMake config files
[2.013s] Level 1:colcon.colcon_core.environment:checking '/home/pipescorder/ackermann_pipe/install/ackermann_pipe/lib'
[2.013s] Level 1:colcon.colcon_core.environment:checking '/home/pipescorder/ackermann_pipe/install/ackermann_pipe/bin'
[2.013s] Level 1:colcon.colcon_core.environment:checking '/home/pipescorder/ackermann_pipe/install/ackermann_pipe/lib/pkgconfig/ackermann_pipe.pc'
[2.014s] Level 1:colcon.colcon_core.environment:checking '/home/pipescorder/ackermann_pipe/install/ackermann_pipe/lib/python3.10/site-packages'
[2.014s] Level 1:colcon.colcon_core.shell:create_environment_hook('ackermann_pipe', 'pythonpath')
[2.014s] INFO:colcon.colcon_core.shell:Creating environment hook '/home/pipescorder/ackermann_pipe/install/ackermann_pipe/share/ackermann_pipe/hook/pythonpath.ps1'
[2.014s] INFO:colcon.colcon_core.shell:Creating environment descriptor '/home/pipescorder/ackermann_pipe/install/ackermann_pipe/share/ackermann_pipe/hook/pythonpath.dsv'
[2.015s] INFO:colcon.colcon_core.shell:Creating environment hook '/home/pipescorder/ackermann_pipe/install/ackermann_pipe/share/ackermann_pipe/hook/pythonpath.sh'
[2.015s] Level 1:colcon.colcon_core.environment:checking '/home/pipescorder/ackermann_pipe/install/ackermann_pipe/bin'
[2.015s] Level 1:colcon.colcon_core.environment:create_environment_scripts_only(ackermann_pipe)
[2.016s] INFO:colcon.colcon_core.shell:Creating package script '/home/pipescorder/ackermann_pipe/install/ackermann_pipe/share/ackermann_pipe/package.ps1'
[2.017s] INFO:colcon.colcon_core.shell:Creating package descriptor '/home/pipescorder/ackermann_pipe/install/ackermann_pipe/share/ackermann_pipe/package.dsv'
[2.019s] INFO:colcon.colcon_core.shell:Creating package script '/home/pipescorder/ackermann_pipe/install/ackermann_pipe/share/ackermann_pipe/package.sh'
[2.021s] INFO:colcon.colcon_core.shell:Creating package script '/home/pipescorder/ackermann_pipe/install/ackermann_pipe/share/ackermann_pipe/package.bash'
[2.024s] INFO:colcon.colcon_core.shell:Creating package script '/home/pipescorder/ackermann_pipe/install/ackermann_pipe/share/ackermann_pipe/package.zsh'
[2.027s] Level 1:colcon.colcon_core.environment:create_file_with_runtime_dependencies(/home/pipescorder/ackermann_pipe/install/ackermann_pipe/share/colcon-core/packages/ackermann_pipe)
[2.027s] DEBUG:colcon.colcon_parallel_executor.executor.parallel:closing loop
[2.027s] DEBUG:colcon.colcon_parallel_executor.executor.parallel:loop closed
[2.028s] DEBUG:colcon.colcon_parallel_executor.executor.parallel:run_until_complete finished with '0'
[2.028s] DEBUG:colcon.colcon_core.event_reactor:joining thread
[2.036s] INFO:colcon.colcon_core.plugin_system:Skipping extension 'colcon_notification.desktop_notification.terminal_notifier': Not used on non-Darwin systems
[2.036s] INFO:colcon.colcon_core.plugin_system:Skipping extension 'colcon_notification.desktop_notification.win32': Not used on non-Windows systems
[2.036s] INFO:colcon.colcon_notification.desktop_notification:Sending desktop notification using 'notify2'
[2.047s] DEBUG:colcon.colcon_core.event_reactor:joined thread
[2.048s] INFO:colcon.colcon_core.shell:Creating prefix script '/home/pipescorder/ackermann_pipe/install/local_setup.ps1'
[2.049s] INFO:colcon.colcon_core.shell:Creating prefix util module '/home/pipescorder/ackermann_pipe/install/_local_setup_util_ps1.py'
[2.052s] INFO:colcon.colcon_core.shell:Creating prefix chain script '/home/pipescorder/ackermann_pipe/install/setup.ps1'
[2.053s] INFO:colcon.colcon_core.shell:Creating prefix script '/home/pipescorder/ackermann_pipe/install/local_setup.sh'
[2.055s] INFO:colcon.colcon_core.shell:Creating prefix util module '/home/pipescorder/ackermann_pipe/install/_local_setup_util_sh.py'
[2.056s] INFO:colcon.colcon_core.shell:Creating prefix chain script '/home/pipescorder/ackermann_pipe/install/setup.sh'
[2.058s] INFO:colcon.colcon_core.shell:Creating prefix script '/home/pipescorder/ackermann_pipe/install/local_setup.bash'
[2.059s] INFO:colcon.colcon_core.shell:Creating prefix chain script '/home/pipescorder/ackermann_pipe/install/setup.bash'
[2.062s] INFO:colcon.colcon_core.shell:Creating prefix script '/home/pipescorder/ackermann_pipe/install/local_setup.zsh'
[2.063s] INFO:colcon.colcon_core.shell:Creating prefix chain script '/home/pipescorder/ackermann_pipe/install/setup.zsh'
