running egg_info
writing build/ackermann_pipe/ackermann_pipe.egg-info/PKG-INFO
writing dependency_links to build/ackermann_pipe/ackermann_pipe.egg-info/dependency_links.txt
writing entry points to build/ackermann_pipe/ackermann_pipe.egg-info/entry_points.txt
writing requirements to build/ackermann_pipe/ackermann_pipe.egg-info/requires.txt
writing top-level names to build/ackermann_pipe/ackermann_pipe.egg-info/top_level.txt
reading manifest file 'build/ackermann_pipe/ackermann_pipe.egg-info/SOURCES.txt'
writing manifest file 'build/ackermann_pipe/ackermann_pipe.egg-info/SOURCES.txt'
running build
running build_py
running install
running install_lib
running install_data
creating /home/pipescorder/ackermann_pipe/install/ackermann_pipe/share/ackermann_pipe/launch
copying launch/visualization.launch.py -> /home/pipescorder/ackermann_pipe/install/ackermann_pipe/share/ackermann_pipe/launch/
copying launch/gazebo.launch.py -> /home/pipescorder/ackermann_pipe/install/ackermann_pipe/share/ackermann_pipe/launch/
running install_egg_info
removing '/home/pipescorder/ackermann_pipe/install/ackermann_pipe/lib/python3.10/site-packages/ackermann_pipe-0.0.0-py3.10.egg-info' (and everything under it)
Copying build/ackermann_pipe/ackermann_pipe.egg-info to /home/pipescorder/ackermann_pipe/install/ackermann_pipe/lib/python3.10/site-packages/ackermann_pipe-0.0.0-py3.10.egg-info
running install_scripts
writing list of installed files to '/home/pipescorder/ackermann_pipe/build/ackermann_pipe/install.log'
