[0.592s] Invoking command in '/home/pipescorder/ackermann_pipe': PYTHONPATH=/home/pipescorder/ackermann_pipe/build/ackermann_pipe/prefix_override:/usr/lib/python3/dist-packages/colcon_core/task/python/colcon_distutils_commands:/home/pipescorder/ackermann_pipe/install/ackermann_pipe/lib/python3.10/site-packages:${PYTHONPATH} /usr/bin/python3 -W ignore:setup.py install is deprecated -W ignore:easy_install command is deprecated setup.py egg_info --egg-base build/ackermann_pipe build --build-base /home/pipescorder/ackermann_pipe/build/ackermann_pipe/build install --record /home/pipescorder/ackermann_pipe/build/ackermann_pipe/install.log --single-version-externally-managed install_data
[0.831s] running egg_info
[0.832s] writing build/ackermann_pipe/ackermann_pipe.egg-info/PKG-INFO
[0.833s] writing dependency_links to build/ackermann_pipe/ackermann_pipe.egg-info/dependency_links.txt
[0.833s] writing entry points to build/ackermann_pipe/ackermann_pipe.egg-info/entry_points.txt
[0.833s] writing requirements to build/ackermann_pipe/ackermann_pipe.egg-info/requires.txt
[0.833s] writing top-level names to build/ackermann_pipe/ackermann_pipe.egg-info/top_level.txt
[0.835s] reading manifest file 'build/ackermann_pipe/ackermann_pipe.egg-info/SOURCES.txt'
[0.836s] writing manifest file 'build/ackermann_pipe/ackermann_pipe.egg-info/SOURCES.txt'
[0.837s] running build
[0.837s] running build_py
[0.837s] running install
[0.837s] running install_lib
[0.839s] running install_data
[0.840s] creating /home/pipescorder/ackermann_pipe/install/ackermann_pipe/share/ackermann_pipe/launch
[0.840s] copying launch/visualization.launch.py -> /home/pipescorder/ackermann_pipe/install/ackermann_pipe/share/ackermann_pipe/launch/
[0.840s] copying launch/gazebo.launch.py -> /home/pipescorder/ackermann_pipe/install/ackermann_pipe/share/ackermann_pipe/launch/
[0.840s] running install_egg_info
[0.842s] removing '/home/pipescorder/ackermann_pipe/install/ackermann_pipe/lib/python3.10/site-packages/ackermann_pipe-0.0.0-py3.10.egg-info' (and everything under it)
[0.842s] Copying build/ackermann_pipe/ackermann_pipe.egg-info to /home/pipescorder/ackermann_pipe/install/ackermann_pipe/lib/python3.10/site-packages/ackermann_pipe-0.0.0-py3.10.egg-info
[0.843s] running install_scripts
[0.863s] writing list of installed files to '/home/pipescorder/ackermann_pipe/build/ackermann_pipe/install.log'
[0.887s] Invoked command in '/home/pipescorder/ackermann_pipe' returned '0': PYTHONPATH=/home/pipescorder/ackermann_pipe/build/ackermann_pipe/prefix_override:/usr/lib/python3/dist-packages/colcon_core/task/python/colcon_distutils_commands:/home/pipescorder/ackermann_pipe/install/ackermann_pipe/lib/python3.10/site-packages:${PYTHONPATH} /usr/bin/python3 -W ignore:setup.py install is deprecated -W ignore:easy_install command is deprecated setup.py egg_info --egg-base build/ackermann_pipe build --build-base /home/pipescorder/ackermann_pipe/build/ackermann_pipe/build install --record /home/pipescorder/ackermann_pipe/build/ackermann_pipe/install.log --single-version-externally-managed install_data
