[0.758s] Invoking command in '/home/pipescorder/ackermann_pipe': PYTHONPATH=/home/pipescorder/ackermann_pipe/build/ackermann_pipe/prefix_override:/usr/lib/python3/dist-packages/colcon_core/task/python/colcon_distutils_commands:/home/pipescorder/ackermann_pipe/install/ackermann_pipe/lib/python3.10/site-packages:${PYTHONPATH} /usr/bin/python3 -W ignore:setup.py install is deprecated -W ignore:easy_install command is deprecated setup.py egg_info --egg-base build/ackermann_pipe build --build-base /home/pipescorder/ackermann_pipe/build/ackermann_pipe/build install --record /home/pipescorder/ackermann_pipe/build/ackermann_pipe/install.log --single-version-externally-managed install_data
[0.994s] running egg_info
[0.995s] writing build/ackermann_pipe/ackermann_pipe.egg-info/PKG-INFO
[0.996s] writing dependency_links to build/ackermann_pipe/ackermann_pipe.egg-info/dependency_links.txt
[0.996s] writing entry points to build/ackermann_pipe/ackermann_pipe.egg-info/entry_points.txt
[0.996s] writing requirements to build/ackermann_pipe/ackermann_pipe.egg-info/requires.txt
[0.996s] writing top-level names to build/ackermann_pipe/ackermann_pipe.egg-info/top_level.txt
[0.998s] reading manifest file 'build/ackermann_pipe/ackermann_pipe.egg-info/SOURCES.txt'
[1.000s] writing manifest file 'build/ackermann_pipe/ackermann_pipe.egg-info/SOURCES.txt'
[1.000s] running build
[1.000s] running build_py
[1.011s] running install
[1.012s] running install_lib
[1.014s] running install_data
[1.017s] running install_egg_info
[1.019s] removing '/home/pipescorder/ackermann_pipe/install/ackermann_pipe/lib/python3.10/site-packages/ackermann_pipe-0.1.0-py3.10.egg-info' (and everything under it)
[1.019s] Copying build/ackermann_pipe/ackermann_pipe.egg-info to /home/pipescorder/ackermann_pipe/install/ackermann_pipe/lib/python3.10/site-packages/ackermann_pipe-0.1.0-py3.10.egg-info
[1.021s] running install_scripts
[1.041s] writing list of installed files to '/home/pipescorder/ackermann_pipe/build/ackermann_pipe/install.log'
[1.066s] Invoked command in '/home/pipescorder/ackermann_pipe' returned '0': PYTHONPATH=/home/pipescorder/ackermann_pipe/build/ackermann_pipe/prefix_override:/usr/lib/python3/dist-packages/colcon_core/task/python/colcon_distutils_commands:/home/pipescorder/ackermann_pipe/install/ackermann_pipe/lib/python3.10/site-packages:${PYTHONPATH} /usr/bin/python3 -W ignore:setup.py install is deprecated -W ignore:easy_install command is deprecated setup.py egg_info --egg-base build/ackermann_pipe build --build-base /home/pipescorder/ackermann_pipe/build/ackermann_pipe/build install --record /home/pipescorder/ackermann_pipe/build/ackermann_pipe/install.log --single-version-externally-managed install_data
