[0.111s] DEBUG:colcon:Command line arguments: ['/usr/bin/colcon', 'build']
[0.111s] DEBUG:colcon:Parsed command line arguments: Namespace(log_base=None, log_level=None, verb_name='build', build_base='build', install_base='install', merge_install=False, symlink_install=False, test_result_base=None, continue_on_error=False, executor='parallel', parallel_workers=4, event_handlers=None, ignore_user_meta=False, metas=['./colcon.meta'], base_paths=['.'], packages_ignore=None, packages_ignore_regex=None, paths=None, packages_up_to=None, packages_up_to_regex=None, packages_above=None, packages_above_and_dependencies=None, packages_above_depth=None, packages_select_by_dep=None, packages_skip_by_dep=None, packages_skip_up_to=None, packages_select_build_failed=False, packages_skip_build_finished=False, packages_select_test_failures=False, packages_skip_test_passed=False, packages_select=None, packages_skip=None, packages_select_regex=None, packages_skip_regex=None, packages_start=None, packages_end=None, allow_overriding=[], cmake_args=None, cmake_target=None, cmake_target_skip_unavailable=False, cmake_clean_cache=False, cmake_clean_first=False, cmake_force_configure=False, ament_cmake_args=None, catkin_cmake_args=None, catkin_skip_building_tests=False, mixin_files=None, mixin=None, verb_parser=<colcon_mixin.mixin.mixin_argument.MixinArgumentDecorator object at 0x79de0b15d4e0>, verb_extension=<colcon_core.verb.build.BuildVerb object at 0x79de0b15cf70>, main=<bound method BuildVerb.main of <colcon_core.verb.build.BuildVerb object at 0x79de0b15cf70>>, mixin_verb=('build',))
[0.280s] Level 1:colcon.colcon_core.package_discovery:discover_packages(colcon_meta) check parameters
[0.280s] Level 1:colcon.colcon_core.package_discovery:discover_packages(recursive) check parameters
[0.280s] Level 1:colcon.colcon_core.package_discovery:discover_packages(ignore) check parameters
[0.280s] Level 1:colcon.colcon_core.package_discovery:discover_packages(path) check parameters
[0.280s] Level 1:colcon.colcon_core.package_discovery:discover_packages(colcon_meta) discover
[0.280s] Level 1:colcon.colcon_core.package_discovery:discover_packages(recursive) discover
[0.281s] INFO:colcon.colcon_core.package_discovery:Crawling recursively for packages in '/home/pipescorder/ackermann_pipe'
[0.281s] Level 1:colcon.colcon_core.package_identification:_identify(.) by extensions ['ignore', 'ignore_ament_install']
[0.281s] Level 1:colcon.colcon_core.package_identification:_identify(.) by extension 'ignore'
[0.281s] Level 1:colcon.colcon_core.package_identification:_identify(.) by extension 'ignore_ament_install'
[0.281s] Level 1:colcon.colcon_core.package_identification:_identify(.) by extensions ['colcon_pkg']
[0.281s] Level 1:colcon.colcon_core.package_identification:_identify(.) by extension 'colcon_pkg'
[0.281s] Level 1:colcon.colcon_core.package_identification:_identify(.) by extensions ['colcon_meta']
[0.281s] Level 1:colcon.colcon_core.package_identification:_identify(.) by extension 'colcon_meta'
[0.281s] Level 1:colcon.colcon_core.package_identification:_identify(.) by extensions ['ros']
[0.281s] Level 1:colcon.colcon_core.package_identification:_identify(.) by extension 'ros'
[0.294s] DEBUG:colcon.colcon_core.package_identification:Package '.' with type 'ros.ament_python' and name 'ackermann_pipe'
[0.294s] Level 1:colcon.colcon_core.package_discovery:discover_packages(recursive) using defaults
[0.294s] Level 1:colcon.colcon_core.package_discovery:discover_packages(ignore) discover
[0.294s] Level 1:colcon.colcon_core.package_discovery:discover_packages(ignore) using defaults
[0.294s] Level 1:colcon.colcon_core.package_discovery:discover_packages(path) discover
[0.294s] Level 1:colcon.colcon_core.package_discovery:discover_packages(path) using defaults
[0.324s] Level 1:colcon.colcon_core.package_discovery:discover_packages(prefix_path) check parameters
[0.324s] Level 1:colcon.colcon_core.package_discovery:discover_packages(prefix_path) discover
[0.326s] DEBUG:colcon.colcon_installed_package_information.package_discovery:Found 1 installed packages in /home/pipescorder/ackermann_ros2/ackermann_robot/install
[0.327s] DEBUG:colcon.colcon_installed_package_information.package_discovery:Found 293 installed packages in /opt/ros/iron
[0.328s] Level 1:colcon.colcon_core.package_discovery:discover_packages(prefix_path) using defaults
[0.372s] Level 5:colcon.colcon_core.verb:set package 'ackermann_pipe' build argument 'cmake_args' from command line to 'None'
[0.372s] Level 5:colcon.colcon_core.verb:set package 'ackermann_pipe' build argument 'cmake_target' from command line to 'None'
[0.372s] Level 5:colcon.colcon_core.verb:set package 'ackermann_pipe' build argument 'cmake_target_skip_unavailable' from command line to 'False'
[0.372s] Level 5:colcon.colcon_core.verb:set package 'ackermann_pipe' build argument 'cmake_clean_cache' from command line to 'False'
[0.372s] Level 5:colcon.colcon_core.verb:set package 'ackermann_pipe' build argument 'cmake_clean_first' from command line to 'False'
[0.372s] Level 5:colcon.colcon_core.verb:set package 'ackermann_pipe' build argument 'cmake_force_configure' from command line to 'False'
[0.372s] Level 5:colcon.colcon_core.verb:set package 'ackermann_pipe' build argument 'ament_cmake_args' from command line to 'None'
[0.372s] Level 5:colcon.colcon_core.verb:set package 'ackermann_pipe' build argument 'catkin_cmake_args' from command line to 'None'
[0.372s] Level 5:colcon.colcon_core.verb:set package 'ackermann_pipe' build argument 'catkin_skip_building_tests' from command line to 'False'
[0.372s] DEBUG:colcon.colcon_core.verb:Building package 'ackermann_pipe' with the following arguments: {'ament_cmake_args': None, 'build_base': '/home/pipescorder/ackermann_pipe/build/ackermann_pipe', 'catkin_cmake_args': None, 'catkin_skip_building_tests': False, 'cmake_args': None, 'cmake_clean_cache': False, 'cmake_clean_first': False, 'cmake_force_configure': False, 'cmake_target': None, 'cmake_target_skip_unavailable': False, 'install_base': '/home/pipescorder/ackermann_pipe/install/ackermann_pipe', 'merge_install': False, 'path': '/home/pipescorder/ackermann_pipe', 'symlink_install': False, 'test_result_base': None}
[0.372s] INFO:colcon.colcon_core.executor:Executing jobs using 'parallel' executor
[0.373s] DEBUG:colcon.colcon_parallel_executor.executor.parallel:run_until_complete
[0.373s] INFO:colcon.colcon_ros.task.ament_python.build:Building ROS package in '/home/pipescorder/ackermann_pipe' with build type 'ament_python'
[0.373s] Level 1:colcon.colcon_core.shell:create_environment_hook('ackermann_pipe', 'ament_prefix_path')
[0.375s] INFO:colcon.colcon_core.plugin_system:Skipping extension 'colcon_core.shell.bat': Not used on non-Windows systems
[0.375s] INFO:colcon.colcon_core.shell:Creating environment hook '/home/pipescorder/ackermann_pipe/install/ackermann_pipe/share/ackermann_pipe/hook/ament_prefix_path.ps1'
[0.376s] INFO:colcon.colcon_core.shell:Creating environment descriptor '/home/pipescorder/ackermann_pipe/install/ackermann_pipe/share/ackermann_pipe/hook/ament_prefix_path.dsv'
[0.377s] INFO:colcon.colcon_core.shell:Creating environment hook '/home/pipescorder/ackermann_pipe/install/ackermann_pipe/share/ackermann_pipe/hook/ament_prefix_path.sh'
[0.377s] INFO:colcon.colcon_core.shell:Skip shell extension 'powershell' for command environment: Not usable outside of PowerShell
[0.377s] DEBUG:colcon.colcon_core.shell:Skip shell extension 'dsv' for command environment
[0.638s] INFO:colcon.colcon_core.task.python.build:Building Python package in '/home/pipescorder/ackermann_pipe'
[0.638s] INFO:colcon.colcon_core.shell:Skip shell extension 'powershell' for command environment: Not usable outside of PowerShell
[0.638s] DEBUG:colcon.colcon_core.shell:Skip shell extension 'dsv' for command environment
[0.964s] DEBUG:colcon.colcon_core.event_handler.log_command:Invoking command in '/home/pipescorder/ackermann_pipe': PYTHONPATH=/home/pipescorder/ackermann_pipe/build/ackermann_pipe/prefix_override:/usr/lib/python3/dist-packages/colcon_core/task/python/colcon_distutils_commands:/home/pipescorder/ackermann_pipe/install/ackermann_pipe/lib/python3.10/site-packages:${PYTHONPATH} /usr/bin/python3 -W ignore:setup.py install is deprecated -W ignore:easy_install command is deprecated setup.py egg_info --egg-base build/ackermann_pipe build --build-base /home/pipescorder/ackermann_pipe/build/ackermann_pipe/build install --record /home/pipescorder/ackermann_pipe/build/ackermann_pipe/install.log --single-version-externally-managed install_data
[1.259s] DEBUG:colcon.colcon_core.event_handler.log_command:Invoked command in '/home/pipescorder/ackermann_pipe' returned '0': PYTHONPATH=/home/pipescorder/ackermann_pipe/build/ackermann_pipe/prefix_override:/usr/lib/python3/dist-packages/colcon_core/task/python/colcon_distutils_commands:/home/pipescorder/ackermann_pipe/install/ackermann_pipe/lib/python3.10/site-packages:${PYTHONPATH} /usr/bin/python3 -W ignore:setup.py install is deprecated -W ignore:easy_install command is deprecated setup.py egg_info --egg-base build/ackermann_pipe build --build-base /home/pipescorder/ackermann_pipe/build/ackermann_pipe/build install --record /home/pipescorder/ackermann_pipe/build/ackermann_pipe/install.log --single-version-externally-managed install_data
[1.261s] Level 1:colcon.colcon_core.environment:checking '/home/pipescorder/ackermann_pipe/install/ackermann_pipe' for CMake module files
[1.261s] Level 1:colcon.colcon_core.environment:checking '/home/pipescorder/ackermann_pipe/install/ackermann_pipe' for CMake config files
[1.262s] Level 1:colcon.colcon_core.environment:checking '/home/pipescorder/ackermann_pipe/install/ackermann_pipe/lib'
[1.262s] Level 1:colcon.colcon_core.environment:checking '/home/pipescorder/ackermann_pipe/install/ackermann_pipe/bin'
[1.262s] Level 1:colcon.colcon_core.environment:checking '/home/pipescorder/ackermann_pipe/install/ackermann_pipe/lib/pkgconfig/ackermann_pipe.pc'
[1.262s] Level 1:colcon.colcon_core.environment:checking '/home/pipescorder/ackermann_pipe/install/ackermann_pipe/lib/python3.10/site-packages'
[1.262s] Level 1:colcon.colcon_core.shell:create_environment_hook('ackermann_pipe', 'pythonpath')
[1.262s] INFO:colcon.colcon_core.shell:Creating environment hook '/home/pipescorder/ackermann_pipe/install/ackermann_pipe/share/ackermann_pipe/hook/pythonpath.ps1'
[1.263s] INFO:colcon.colcon_core.shell:Creating environment descriptor '/home/pipescorder/ackermann_pipe/install/ackermann_pipe/share/ackermann_pipe/hook/pythonpath.dsv'
[1.263s] INFO:colcon.colcon_core.shell:Creating environment hook '/home/pipescorder/ackermann_pipe/install/ackermann_pipe/share/ackermann_pipe/hook/pythonpath.sh'
[1.263s] Level 1:colcon.colcon_core.environment:checking '/home/pipescorder/ackermann_pipe/install/ackermann_pipe/bin'
[1.264s] Level 1:colcon.colcon_core.environment:create_environment_scripts_only(ackermann_pipe)
[1.264s] INFO:colcon.colcon_core.shell:Creating package script '/home/pipescorder/ackermann_pipe/install/ackermann_pipe/share/ackermann_pipe/package.ps1'
[1.265s] INFO:colcon.colcon_core.shell:Creating package descriptor '/home/pipescorder/ackermann_pipe/install/ackermann_pipe/share/ackermann_pipe/package.dsv'
[1.265s] INFO:colcon.colcon_core.shell:Creating package script '/home/pipescorder/ackermann_pipe/install/ackermann_pipe/share/ackermann_pipe/package.sh'
[1.266s] INFO:colcon.colcon_core.shell:Creating package script '/home/pipescorder/ackermann_pipe/install/ackermann_pipe/share/ackermann_pipe/package.bash'
[1.266s] INFO:colcon.colcon_core.shell:Creating package script '/home/pipescorder/ackermann_pipe/install/ackermann_pipe/share/ackermann_pipe/package.zsh'
[1.267s] Level 1:colcon.colcon_core.environment:create_file_with_runtime_dependencies(/home/pipescorder/ackermann_pipe/install/ackermann_pipe/share/colcon-core/packages/ackermann_pipe)
[1.267s] DEBUG:colcon.colcon_parallel_executor.executor.parallel:closing loop
[1.267s] DEBUG:colcon.colcon_parallel_executor.executor.parallel:loop closed
[1.268s] DEBUG:colcon.colcon_parallel_executor.executor.parallel:run_until_complete finished with '0'
[1.268s] DEBUG:colcon.colcon_core.event_reactor:joining thread
[1.273s] INFO:colcon.colcon_core.plugin_system:Skipping extension 'colcon_notification.desktop_notification.terminal_notifier': Not used on non-Darwin systems
[1.273s] INFO:colcon.colcon_core.plugin_system:Skipping extension 'colcon_notification.desktop_notification.win32': Not used on non-Windows systems
[1.273s] INFO:colcon.colcon_notification.desktop_notification:Sending desktop notification using 'notify2'
[1.285s] DEBUG:colcon.colcon_core.event_reactor:joined thread
[1.286s] INFO:colcon.colcon_core.shell:Creating prefix script '/home/pipescorder/ackermann_pipe/install/local_setup.ps1'
[1.287s] INFO:colcon.colcon_core.shell:Creating prefix util module '/home/pipescorder/ackermann_pipe/install/_local_setup_util_ps1.py'
[1.288s] INFO:colcon.colcon_core.shell:Creating prefix chain script '/home/pipescorder/ackermann_pipe/install/setup.ps1'
[1.289s] INFO:colcon.colcon_core.shell:Creating prefix script '/home/pipescorder/ackermann_pipe/install/local_setup.sh'
[1.290s] INFO:colcon.colcon_core.shell:Creating prefix util module '/home/pipescorder/ackermann_pipe/install/_local_setup_util_sh.py'
[1.290s] INFO:colcon.colcon_core.shell:Creating prefix chain script '/home/pipescorder/ackermann_pipe/install/setup.sh'
[1.291s] INFO:colcon.colcon_core.shell:Creating prefix script '/home/pipescorder/ackermann_pipe/install/local_setup.bash'
[1.292s] INFO:colcon.colcon_core.shell:Creating prefix chain script '/home/pipescorder/ackermann_pipe/install/setup.bash'
[1.293s] INFO:colcon.colcon_core.shell:Creating prefix script '/home/pipescorder/ackermann_pipe/install/local_setup.zsh'
[1.293s] INFO:colcon.colcon_core.shell:Creating prefix chain script '/home/pipescorder/ackermann_pipe/install/setup.zsh'
